<?xml version="1.0" encoding="windows-1252" standalone="no"?>
<!DOCTYPE log SYSTEM "logger.dtd">
<log>
<record>
  <date>2023-12-04T17:09:25.147108200Z</date>
  <millis>1701709765147</millis>
  <nanos>108200</nanos>
  <sequence>0</sequence>
  <logger>be.kdg.java2.Model.Monster</logger>
  <level>SEVERE</level>
  <class>be.kdg.java2.Model.Monster</class>
  <method>setName</method>
  <thread>1</thread>
  <message>ERROR - Name cannot be empty for a monster</message>
</record>
<record>
  <date>2023-12-04T17:09:25.182037700Z</date>
  <millis>1701709765182</millis>
  <nanos>37700</nanos>
  <sequence>1</sequence>
  <logger>be.kdg.java2.Model.Monster</logger>
  <level>SEVERE</level>
  <class>be.kdg.java2.Model.Monster</class>
  <method>setTotalXp</method>
  <thread>1</thread>
  <message>ERROR - Given Total xp ( -10.5 ) is not allowed for Monster Pikachu. (TIP: total xp can not be less then zero)</message>
</record>
<record>
  <date>2023-12-04T17:09:25.182037700Z</date>
  <millis>1701709765182</millis>
  <nanos>37700</nanos>
  <sequence>2</sequence>
  <logger>be.kdg.java2.Model.Monster</logger>
  <level>SEVERE</level>
  <class>be.kdg.java2.Model.Monster</class>
  <method>setLevel</method>
  <thread>1</thread>
  <message>ERROR - Given Level ( -55 ) is not allowed for Monster Ryugu warashi. (TIP: level can not be less then zero)</message>
</record>
<record>
  <date>2023-12-04T17:09:25.183037700Z</date>
  <millis>1701709765183</millis>
  <nanos>37700</nanos>
  <sequence>3</sequence>
  <logger>be.kdg.java2.Model.Monster</logger>
  <level>SEVERE</level>
  <class>be.kdg.java2.Model.Monster</class>
  <method>setType</method>
  <thread>1</thread>
  <message>ERROR - Given type ( null ) is not allowed for Monster Ryugu warashi. (TIP: type must be filled in)</message>
</record>
<record>
  <date>2023-12-04T17:09:25.183037700Z</date>
  <millis>1701709765183</millis>
  <nanos>37700</nanos>
  <sequence>4</sequence>
  <logger>be.kdg.java2.Model.Monster</logger>
  <level>SEVERE</level>
  <class>be.kdg.java2.Model.Monster</class>
  <method>setBirthday</method>
  <thread>1</thread>
  <message>ERROR - Given Date of birth ( 2099-05-01 ) is not allowed for Monster Ryugu warashi. (TIP: given date can not be in the future)</message>
</record>
<record>
  <date>2023-12-04T17:09:25.183037700Z</date>
  <millis>1701709765183</millis>
  <nanos>37700</nanos>
  <sequence>5</sequence>
  <logger>be.kdg.java2.Model.Monster</logger>
  <level>SEVERE</level>
  <class>be.kdg.java2.Model.Monster</class>
  <method>setBattlesWon</method>
  <thread>1</thread>
  <message>ERROR - Given amount of battles won ( -1000 ) is not allowed for Monster Ryugu warashi. (TIP: amount of battles won can not be less then zero)</message>
</record>
<record>
  <date>2023-12-04T17:09:25.185038300Z</date>
  <millis>1701709765185</millis>
  <nanos>38300</nanos>
  <sequence>6</sequence>
  <logger>be.kdg.java2.Model.Monsters</logger>
  <level>FINER</level>
  <class>be.kdg.java2.Model.Monsters</class>
  <method>add</method>
  <thread>1</thread>
  <message>INFO - Monster Oni hitokuchi is added to the TreeSet.</message>
</record>
<record>
  <date>2023-12-04T17:09:25.185038300Z</date>
  <millis>1701709765185</millis>
  <nanos>38300</nanos>
  <sequence>7</sequence>
  <logger>be.kdg.java2.Model.Monsters</logger>
  <level>FINER</level>
  <class>be.kdg.java2.Model.Monsters</class>
  <method>add</method>
  <thread>1</thread>
  <message>INFO - Monster Mumashika is added to the TreeSet.</message>
</record>
<record>
  <date>2023-12-04T17:09:25.185038300Z</date>
  <millis>1701709765185</millis>
  <nanos>38300</nanos>
  <sequence>8</sequence>
  <logger>be.kdg.java2.Model.Monsters</logger>
  <level>FINER</level>
  <class>be.kdg.java2.Model.Monsters</class>
  <method>add</method>
  <thread>1</thread>
  <message>INFO - Monster Urashima Taro is added to the TreeSet.</message>
</record>
<record>
  <date>2023-12-04T17:09:25.186038600Z</date>
  <millis>1701709765186</millis>
  <nanos>38600</nanos>
  <sequence>9</sequence>
  <logger>be.kdg.java2.Model.Monsters</logger>
  <level>FINER</level>
  <class>be.kdg.java2.Model.Monsters</class>
  <method>remove</method>
  <thread>1</thread>
  <message>Monster Urashima Taro is removed from the TreeSet.</message>
</record>
</log>
