<?xml version="1.0" encoding="windows-1252" standalone="no"?>
<!DOCTYPE log SYSTEM "logger.dtd">
<log>
<record>
  <date>2023-12-04T17:09:26.847369500Z</date>
  <millis>1701709766847</millis>
  <nanos>369500</nanos>
  <sequence>0</sequence>
  <logger>be.kdg.Model.be.kdg.java2.Monster</logger>
  <level>SEVERE</level>
  <class>be.kdg.Model.be.kdg.java2.Monster</class>
  <method>setName</method>
  <thread>1</thread>
  <message>ERROR - Name cannot be empty for a monster</message>
</record>
<record>
  <date>2023-12-04T17:09:26.885947600Z</date>
  <millis>1701709766885</millis>
  <nanos>947600</nanos>
  <sequence>1</sequence>
  <logger>be.kdg.Model.be.kdg.java2.Monster</logger>
  <level>SEVERE</level>
  <class>be.kdg.Model.be.kdg.java2.Monster</class>
  <method>setTotalXp</method>
  <thread>1</thread>
  <message>ERROR - Given Total xp ( -10.5 ) is not allowed for Monster Pikachu. (TIP: total xp can not be less then zero)</message>
</record>
<record>
  <date>2023-12-04T17:09:26.885947600Z</date>
  <millis>1701709766885</millis>
  <nanos>947600</nanos>
  <sequence>2</sequence>
  <logger>be.kdg.Model.be.kdg.java2.Monster</logger>
  <level>SEVERE</level>
  <class>be.kdg.Model.be.kdg.java2.Monster</class>
  <method>setLevel</method>
  <thread>1</thread>
  <message>ERROR - Given Level ( -55 ) is not allowed for Monster Ryugu warashi. (TIP: level can not be less then zero)</message>
</record>
<record>
  <date>2023-12-04T17:09:26.886947Z</date>
  <millis>1701709766886</millis>
  <nanos>947000</nanos>
  <sequence>3</sequence>
  <logger>be.kdg.Model.be.kdg.java2.Monster</logger>
  <level>SEVERE</level>
  <class>be.kdg.Model.be.kdg.java2.Monster</class>
  <method>setType</method>
  <thread>1</thread>
  <message>ERROR - Given type ( null ) is not allowed for Monster Ryugu warashi. (TIP: type must be filled in)</message>
</record>
<record>
  <date>2023-12-04T17:09:26.886947Z</date>
  <millis>1701709766886</millis>
  <nanos>947000</nanos>
  <sequence>4</sequence>
  <logger>be.kdg.Model.be.kdg.java2.Monster</logger>
  <level>SEVERE</level>
  <class>be.kdg.Model.be.kdg.java2.Monster</class>
  <method>setBirthday</method>
  <thread>1</thread>
  <message>ERROR - Given Date of birth ( 2099-05-01 ) is not allowed for Monster Ryugu warashi. (TIP: given date can not be in the future)</message>
</record>
<record>
  <date>2023-12-04T17:09:26.887947Z</date>
  <millis>1701709766887</millis>
  <nanos>947000</nanos>
  <sequence>5</sequence>
  <logger>be.kdg.Model.be.kdg.java2.Monster</logger>
  <level>SEVERE</level>
  <class>be.kdg.Model.be.kdg.java2.Monster</class>
  <method>setBattlesWon</method>
  <thread>1</thread>
  <message>ERROR - Given amount of battles won ( -1000 ) is not allowed for Monster Ryugu warashi. (TIP: amount of battles won can not be less then zero)</message>
</record>
<record>
  <date>2023-12-04T17:09:26.888946Z</date>
  <millis>1701709766888</millis>
  <nanos>946000</nanos>
  <sequence>6</sequence>
  <logger>be.kdg.Model.be.kdg.java2.Monsters</logger>
  <level>FINER</level>
  <class>be.kdg.Model.be.kdg.java2.Monsters</class>
  <method>add</method>
  <thread>1</thread>
  <message>INFO - Monster Oni hitokuchi is added to the TreeSet.</message>
</record>
<record>
  <date>2023-12-04T17:09:26.888946Z</date>
  <millis>1701709766888</millis>
  <nanos>946000</nanos>
  <sequence>7</sequence>
  <logger>be.kdg.Model.be.kdg.java2.Monsters</logger>
  <level>FINER</level>
  <class>be.kdg.Model.be.kdg.java2.Monsters</class>
  <method>add</method>
  <thread>1</thread>
  <message>INFO - Monster Mumashika is added to the TreeSet.</message>
</record>
<record>
  <date>2023-12-04T17:09:26.889947800Z</date>
  <millis>1701709766889</millis>
  <nanos>947800</nanos>
  <sequence>8</sequence>
  <logger>be.kdg.Model.be.kdg.java2.Monsters</logger>
  <level>FINER</level>
  <class>be.kdg.Model.be.kdg.java2.Monsters</class>
  <method>add</method>
  <thread>1</thread>
  <message>INFO - Monster Urashima Taro is added to the TreeSet.</message>
</record>
<record>
  <date>2023-12-04T17:09:26.889947800Z</date>
  <millis>1701709766889</millis>
  <nanos>947800</nanos>
  <sequence>9</sequence>
  <logger>be.kdg.Model.be.kdg.java2.Monsters</logger>
  <level>FINER</level>
  <class>be.kdg.Model.be.kdg.java2.Monsters</class>
  <method>remove</method>
  <thread>1</thread>
  <message>Monster Urashima Taro is removed from the TreeSet.</message>
</record>
</log>
