/*C3*/SET SCHEMA PUBLIC
DROP TABLE monstertable IF EXISTS
CREATE TABLE monstertable(id INTEGER IDENTITY,name VARCHAR(30) NOT NULL,totalXp DOUBLE NOT NULL,level INT NOT NULL,type VARCHAR(10) NOT NULL,birthday DATE NOT NULL,battlesWon INT NOT NULL,)
INSERT INTO MONSTERTABLE VALUES(0,'Yoda',10.2E0,2,'neutral','2021-06-10',5)
COMMIT
INSERT INTO MONSTERTABLE VALUES(1,'Pikachu',10.5E0,2,'earth','2022-11-06',6)
COMMIT
INSERT INTO MONSTERTABLE VALUES(2,'Ryugu warashi',100.0E0,55,'fire','2020-05-01',1000)
COMMIT
INSERT INTO MONSTERTABLE VALUES(3,'Taira no Masakado',25.3E0,4,'water','2023-04-26',10)
COMMIT
INSERT INTO MONSTERTABLE VALUES(4,'Umakan',20.0E0,4,'neutral','2022-12-25',50)
COMMIT
INSERT INTO MONSTERTABLE VALUES(5,'Okuri inu',30.5E0,5,'air','2020-04-21',60)
COMMIT
INSERT INTO MONSTERTABLE VALUES(6,'Shokera',95.0E0,50,'fire','2023-07-20',20)
COMMIT
INSERT INTO MONSTERTABLE VALUES(7,'Chimi',66.6E0,45,'air','2021-09-20',10)
COMMIT
INSERT INTO MONSTERTABLE VALUES(8,'Chopirako',34.0E0,40,'fire','2023-01-25',5)
COMMIT
INSERT INTO MONSTERTABLE VALUES(9,'Yuki onna',5.24E0,2,'earth','2020-10-15',2)
COMMIT
INSERT INTO MONSTERTABLE VALUES(10,'Biwa bokuboku',6.5E0,2,'neutral','2021-04-05',50)
COMMIT
INSERT INTO MONSTERTABLE VALUES(11,'Hamaguri nyobo',87.5E0,49,'neutral','2022-06-04',60)
COMMIT
INSERT INTO MONSTERTABLE VALUES(12,'Oni hitokuchi',6.3E0,5,'water','2011-07-20',7)
COMMIT
INSERT INTO MONSTERTABLE VALUES(13,'Mumashika',5.1E0,5,'air','2020-03-30',10)
COMMIT
INSERT INTO MONSTERTABLE VALUES(14,'Urashima Taro',5.6E0,5,'earth','2021-12-14',25)
COMMIT
